<?xml version="1.0" encoding="UTF-8"?>
<!-- Generated by org.testng.reporters.JUnitXMLReporter -->
<testsuite hostname="CHNMCT296559L" ignored="0" name="Test" tests="4" failures="0" timestamp="21 Jan 2021 16:46:37 GMT" time="23.972" errors="0">
  <testcase name="Test01" time="4.241" classname="testCase.TestAutomation"/>
  <testcase name="Test02" time="2.043" classname="testCase.TestAutomation"/>
  <testcase name="Test03" time="13.572" classname="testCase.TestAutomation"/>
  <testcase name="Test04" time="4.093" classname="testCase.TestAutomation"/>
</testsuite> <!-- Test -->
